<?xml version="1.0" encoding="UTF-8"?>
<testng-results ignored="0" total="1" passed="1" failed="0" skipped="0">
  <reporter-output>
    <line>
      <![CDATA[clickeble locator found By.xpath: //div[@onclick='toggleAboutNav()']]]>
    </line>
    <line>
      <![CDATA[<img src = "file://E:\JAVA PROJECT\STS\AutomationFrameworkSelenium\ScreenShot\Selenium Test-20210409_011847.png" alt = ""/>]]>
    </line>
    <line>
      <![CDATA[clickeble locator found By.xpath: //a[contains(text(),'About')]]]>
    </line>
    <line>
      <![CDATA[<img src = "file://E:\JAVA PROJECT\STS\AutomationFrameworkSelenium\ScreenShot\Selenium Test-20210409_011852.png" alt = ""/>]]>
    </line>
    <line>
      <![CDATA[<img src = "file://E:\JAVA PROJECT\STS\AutomationFrameworkSelenium\ScreenShot\Selenium Test-20210409_011855.png" alt = ""/>]]>
    </line>
    <line>
      <![CDATA[clickeble locator found By.xpath: //img[contains(@class,'logo logo-large')]]]>
    </line>
    <line>
      <![CDATA[<img src = "file://E:\JAVA PROJECT\STS\AutomationFrameworkSelenium\ScreenShot\Selenium Test-20210409_011900.png" alt = ""/>]]>
    </line>
  </reporter-output>
  <suite started-at="2021-04-09T01:18:38 BDT" name="Default suite" finished-at="2021-04-09T01:19:06 BDT" duration-ms="27248">
    <groups>
    </groups>
    <test started-at="2021-04-09T01:18:38 BDT" name="Default test" finished-at="2021-04-09T01:19:06 BDT" duration-ms="27248">
      <class name="com.TestCase.Selenium">
        <test-method is-config="true" signature="initiateDriver()[pri:0, instance:com.TestCase.Selenium@609e8838]" started-at="2021-04-09T01:18:38 BDT" name="initiateDriver" finished-at="2021-04-09T01:18:43 BDT" duration-ms="4781" status="PASS">
          <reporter-output>
          </reporter-output>
        </test-method> <!-- initiateDriver -->
        <test-method signature="seleniumTest()[pri:0, instance:com.TestCase.Selenium@609e8838]" started-at="2021-04-09T01:18:43 BDT" name="seleniumTest" finished-at="2021-04-09T01:19:00 BDT" duration-ms="16832" status="PASS">
          <reporter-output>
            <line>
              <![CDATA[clickeble locator found By.xpath: //div[@onclick='toggleAboutNav()']]]>
            </line>
            <line>
              <![CDATA[<img src = "file://E:\JAVA PROJECT\STS\AutomationFrameworkSelenium\ScreenShot\Selenium Test-20210409_011847.png" alt = ""/>]]>
            </line>
            <line>
              <![CDATA[clickeble locator found By.xpath: //a[contains(text(),'About')]]]>
            </line>
            <line>
              <![CDATA[<img src = "file://E:\JAVA PROJECT\STS\AutomationFrameworkSelenium\ScreenShot\Selenium Test-20210409_011852.png" alt = ""/>]]>
            </line>
            <line>
              <![CDATA[<img src = "file://E:\JAVA PROJECT\STS\AutomationFrameworkSelenium\ScreenShot\Selenium Test-20210409_011855.png" alt = ""/>]]>
            </line>
            <line>
              <![CDATA[clickeble locator found By.xpath: //img[contains(@class,'logo logo-large')]]]>
            </line>
            <line>
              <![CDATA[<img src = "file://E:\JAVA PROJECT\STS\AutomationFrameworkSelenium\ScreenShot\Selenium Test-20210409_011900.png" alt = ""/>]]>
            </line>
          </reporter-output>
        </test-method> <!-- seleniumTest -->
        <test-method is-config="true" signature="closeBrowser()[pri:0, instance:com.TestCase.Selenium@609e8838]" started-at="2021-04-09T01:19:00 BDT" name="closeBrowser" finished-at="2021-04-09T01:19:06 BDT" duration-ms="5593" status="PASS">
          <reporter-output>
          </reporter-output>
        </test-method> <!-- closeBrowser -->
      </class> <!-- com.TestCase.Selenium -->
    </test> <!-- Default test -->
  </suite> <!-- Default suite -->
</testng-results>
